<?xml version="1.0" encoding="UTF-8"?>
<!-- Generated by org.testng.reporters.JUnitXMLReporter -->
<testsuite ignored="0" hostname="DESKTOP-GAA2U1H" failures="1" tests="2" name="chromeTest" time="42.489" errors="0" timestamp="2024-04-03T22:21:24 IST">
  <testcase classname="Project2.GoIbibo.Testcase_04" name="CheckOnwayFlight_4" time="12.857">
    <skipped/>
  </testcase> <!-- CheckOnwayFlight_4 -->
  <testcase classname="Project2.GoIbibo.Testcase_04" name="CheckOnwayFlight_4" time="12.249">
    <failure type="org.openqa.selenium.ElementClickInterceptedException" message="element click intercepted: Element &amp;lt;div class=&amp;quot;sc-12foipm-16 wRKJm fswFld &amp;quot; style=&amp;quot;width: 260px; padding-left: 27px;&amp;quot;&amp;gt;...&amp;lt;/div&amp;gt; is not clickable at point (509, 272). Other element would receive the click: &amp;lt;input type=&amp;quot;text&amp;quot; value=&amp;quot;&amp;quot;&amp;gt;
  (Session info: chrome=123.0.6312.105)
Build info: version: &amp;apos;4.18.1&amp;apos;, revision: &amp;apos;b1d3319b48&amp;apos;
System info: os.name: &amp;apos;Windows 11&amp;apos;, os.arch: &amp;apos;amd64&amp;apos;, os.version: &amp;apos;10.0&amp;apos;, java.version: &amp;apos;17.0.9&amp;apos;
Driver info: org.openqa.selenium.chrome.ChromeDriver
Command: [58c825c85a9322d3b5aa363eda30a422, clickElement {id=f.D198BCFEDB47DA7CE5ED235B33D3849D.d.A229BB89A25189B56AC6662836C3284E.e.59}]
Capabilities {acceptInsecureCerts: false, browserName: chrome, browserVersion: 123.0.6312.105, chrome: {chromedriverVersion: 123.0.6312.86 (9b72c47a0536..., userDataDir: C:\Users\Richard\AppData\Lo...}, fedcm:accounts: true, goog:chromeOptions: {debuggerAddress: localhost:61699}, networkConnectionEnabled: false, pageLoadStrategy: normal, platformName: windows, proxy: Proxy(), se:cdp: ws://localhost:61699/devtoo..., se:cdpVersion: 123.0.6312.105, setWindowRect: true, strictFileInteractability: false, timeouts: {implicit: 0, pageLoad: 300000, script: 30000}, unhandledPromptBehavior: dismiss and notify, webauthn:extension:credBlob: true, webauthn:extension:largeBlob: true, webauthn:extension:minPinLength: true, webauthn:extension:prf: true, webauthn:virtualAuthenticators: true}
Element: [[ChromeDriver: chrome on windows (58c825c85a9322d3b5aa363eda30a422)] -&amp;gt; xpath: (//div[@class=&amp;apos;sc-12foipm-16 wRKJm fswFld &amp;apos;])[2]]
Session ID: 58c825c85a9322d3b5aa363eda30a422">
      <![CDATA[org.openqa.selenium.ElementClickInterceptedException: element click intercepted: Element <div class="sc-12foipm-16 wRKJm fswFld " style="width: 260px; padding-left: 27px;">...</div> is not clickable at point (509, 272). Other element would receive the click: <input type="text" value="">
  (Session info: chrome=123.0.6312.105)
Build info: version: '4.18.1', revision: 'b1d3319b48'
System info: os.name: 'Windows 11', os.arch: 'amd64', os.version: '10.0', java.version: '17.0.9'
Driver info: org.openqa.selenium.chrome.ChromeDriver
Command: [58c825c85a9322d3b5aa363eda30a422, clickElement {id=f.D198BCFEDB47DA7CE5ED235B33D3849D.d.A229BB89A25189B56AC6662836C3284E.e.59}]
Capabilities {acceptInsecureCerts: false, browserName: chrome, browserVersion: 123.0.6312.105, chrome: {chromedriverVersion: 123.0.6312.86 (9b72c47a0536..., userDataDir: C:\Users\Richard\AppData\Lo...}, fedcm:accounts: true, goog:chromeOptions: {debuggerAddress: localhost:61699}, networkConnectionEnabled: false, pageLoadStrategy: normal, platformName: windows, proxy: Proxy(), se:cdp: ws://localhost:61699/devtoo..., se:cdpVersion: 123.0.6312.105, setWindowRect: true, strictFileInteractability: false, timeouts: {implicit: 0, pageLoad: 300000, script: 30000}, unhandledPromptBehavior: dismiss and notify, webauthn:extension:credBlob: true, webauthn:extension:largeBlob: true, webauthn:extension:minPinLength: true, webauthn:extension:prf: true, webauthn:virtualAuthenticators: true}
Element: [[ChromeDriver: chrome on windows (58c825c85a9322d3b5aa363eda30a422)] -> xpath: (//div[@class='sc-12foipm-16 wRKJm fswFld '])[2]]
Session ID: 58c825c85a9322d3b5aa363eda30a422
at org.openqa.selenium.remote.ErrorCodec.decode(ErrorCodec.java:167)
at org.openqa.selenium.remote.codec.w3c.W3CHttpResponseCodec.decode(W3CHttpResponseCodec.java:138)
at org.openqa.selenium.remote.codec.w3c.W3CHttpResponseCodec.decode(W3CHttpResponseCodec.java:50)
at org.openqa.selenium.remote.HttpCommandExecutor.execute(HttpCommandExecutor.java:190)
at org.openqa.selenium.remote.service.DriverCommandExecutor.invokeExecute(DriverCommandExecutor.java:216)
at org.openqa.selenium.remote.service.DriverCommandExecutor.execute(DriverCommandExecutor.java:174)
at org.openqa.selenium.remote.RemoteWebDriver.execute(RemoteWebDriver.java:519)
at org.openqa.selenium.remote.RemoteWebElement.execute(RemoteWebElement.java:223)
at org.openqa.selenium.remote.RemoteWebElement.click(RemoteWebElement.java:76)
at org.openqa.selenium.support.pagefactory.internal.LocatingElementHandler.invoke(LocatingElementHandler.java:51)
at jdk.proxy2/jdk.proxy2.$Proxy15.click(Unknown Source)
at Project2.GoIbibo.GoIbibo_B2C_HomePage_After_Login_3.clickDestinationTf(GoIbibo_B2C_HomePage_After_Login_3.java:73)
at Project2.GoIbibo.Testcase_04.CheckOnwayFlight_4(Testcase_4.java:34)
at java.base/java.util.ArrayList.forEach(ArrayList.java:1511)
... Removed 36 stack frames]]>
    </failure>
  </testcase> <!-- CheckOnwayFlight_4 -->
</testsuite> <!-- chromeTest -->
